<?xml version="1.0" encoding="UTF-8"?>
<!-- Generated by org.testng.reporters.JUnitXMLReporter -->
<testsuite ignored="5" hostname="TYSS-Manjunath-S" failures="0" tests="2" name="Test" time="36.994" errors="0" timestamp="2024-01-13T09:47:48 IST">
  <testcase classname="testScriptRepo.DM001" name="testcase2" time="14.271"/>
  <testcase classname="testScriptRepo.PD001" name="testcase1" time="14.028"/>
  <testcase classname="testScriptRepo.FA001" name="testCase3" time="0.0">
    <ignored/>
  </testcase> <!-- testCase3 -->
  <testcase classname="genericUtility.BaseClass" name="@BeforeSuite dbConnectionEstablish" time="0.0">
    <ignored/>
  </testcase> <!-- @BeforeSuite dbConnectionEstablish -->
  <testcase classname="genericUtility.BaseClass" name="@BeforeSuite dbConnectionEstablish" time="0.0">
    <ignored/>
  </testcase> <!-- @BeforeSuite dbConnectionEstablish -->
  <testcase classname="genericUtility.BaseClass" name="@AfterSuite closeDbConnection" time="0.0">
    <ignored/>
  </testcase> <!-- @AfterSuite closeDbConnection -->
  <testcase classname="genericUtility.BaseClass" name="@AfterSuite closeDbConnection" time="0.0">
    <ignored/>
  </testcase> <!-- @AfterSuite closeDbConnection -->
</testsuite> <!-- Test -->
