<?xml version="1.0" encoding="UTF-8"?>
<!-- Generated by org.testng.reporters.JUnitXMLReporter -->
<testsuite ignored="3" hostname="TYSS-Manjunath-S" failures="0" tests="1" name="Test" time="13.589" errors="0" timestamp="2024-01-18T12:41:36 IST">
  <testcase classname="testCaseRepo.SS001_LoginAsAUser" name="testcase1" time="0.005"/>
  <testcase classname="genericUtility.BaseClass" name="@BeforeSuite dbConnectionEstablish" time="0.0">
    <ignored/>
  </testcase> <!-- @BeforeSuite dbConnectionEstablish -->
  <testcase classname="genericUtility.BaseClass" name="@AfterSuite dbCloseConnection" time="0.0">
    <ignored/>
  </testcase> <!-- @AfterSuite dbCloseConnection -->
  <testcase classname="testCaseRepo.SS002_SearchAProduct" name="testcase2" time="0.0">
    <ignored/>
  </testcase> <!-- testcase2 -->
</testsuite> <!-- Test -->
