<?xml version="1.0" encoding="UTF-8"?>
<testng-results ignored="3" total="4" passed="1" failed="0" skipped="0">
  <reporter-output>
    <line>
      <![CDATA[testcase1execution Starts]]>
    </line>
    <line>
      <![CDATA[testcase1execution successfull]]>
    </line>
  </reporter-output>
  <suite started-at="2024-01-18T12:41:22 IST" name="Suite" finished-at="2024-01-18T12:41:36 IST" duration-ms="13589">
    <groups>
      <group name="regression">
        <method signature="SS001_LoginAsAUser.testcase1()[pri:0, instance:testCaseRepo.SS001_LoginAsAUser@506ae4d4]" name="testcase1" class="testCaseRepo.SS001_LoginAsAUser"/>
      </group> <!-- regression -->
    </groups>
    <test started-at="2024-01-18T12:41:22 IST" name="Test" finished-at="2024-01-18T12:41:36 IST" duration-ms="13589">
      <class name="testCaseRepo.SS001_LoginAsAUser">
        <test-method is-config="true" signature="dbConnectionEstablish()[pri:0, instance:testCaseRepo.SS001_LoginAsAUser@506ae4d4]" started-at="2024-01-18T12:41:22 IST" name="dbConnectionEstablish" finished-at="2024-01-18T12:41:22 IST" duration-ms="6" status="PASS">
          <reporter-output>
          </reporter-output>
        </test-method> <!-- dbConnectionEstablish -->
        <test-method is-config="true" signature="launchingBrowser()[pri:0, instance:testCaseRepo.SS001_LoginAsAUser@506ae4d4]" started-at="2024-01-18T12:41:22 IST" name="launchingBrowser" finished-at="2024-01-18T12:41:26 IST" duration-ms="3758" status="PASS">
          <reporter-output>
          </reporter-output>
        </test-method> <!-- launchingBrowser -->
        <test-method is-config="true" signature="loginApplication()[pri:0, instance:testCaseRepo.SS001_LoginAsAUser@506ae4d4]" started-at="2024-01-18T12:41:26 IST" name="loginApplication" finished-at="2024-01-18T12:41:34 IST" duration-ms="8396" status="PASS">
          <reporter-output>
          </reporter-output>
        </test-method> <!-- loginApplication -->
        <test-method signature="testcase1()[pri:0, instance:testCaseRepo.SS001_LoginAsAUser@506ae4d4]" started-at="2024-01-18T12:41:34 IST" name="testcase1" finished-at="2024-01-18T12:41:34 IST" duration-ms="5" status="PASS">
          <reporter-output>
            <line>
              <![CDATA[testcase1execution Starts]]>
            </line>
            <line>
              <![CDATA[testcase1execution successfull]]>
            </line>
          </reporter-output>
        </test-method> <!-- testcase1 -->
        <test-method is-config="true" signature="logoutApplication()[pri:0, instance:testCaseRepo.SS001_LoginAsAUser@506ae4d4]" started-at="2024-01-18T12:41:34 IST" name="logoutApplication" finished-at="2024-01-18T12:41:35 IST" duration-ms="1129" status="PASS">
          <reporter-output>
          </reporter-output>
        </test-method> <!-- logoutApplication -->
        <test-method is-config="true" signature="closeBrowser()[pri:0, instance:testCaseRepo.SS001_LoginAsAUser@506ae4d4]" started-at="2024-01-18T12:41:35 IST" name="closeBrowser" finished-at="2024-01-18T12:41:36 IST" duration-ms="271" status="PASS">
          <reporter-output>
          </reporter-output>
        </test-method> <!-- closeBrowser -->
        <test-method is-config="true" signature="dbCloseConnection()[pri:0, instance:testCaseRepo.SS001_LoginAsAUser@506ae4d4]" started-at="2024-01-18T12:41:36 IST" name="dbCloseConnection" finished-at="2024-01-18T12:41:36 IST" duration-ms="0" status="PASS">
          <reporter-output>
          </reporter-output>
        </test-method> <!-- dbCloseConnection -->
      </class> <!-- testCaseRepo.SS001_LoginAsAUser -->
    </test> <!-- Test -->
  </suite> <!-- Suite -->
</testng-results>
