<?xml version="1.0" encoding="UTF-8"?>
<testng-results ignored="0" total="1" passed="1" failed="0" skipped="0">
  <reporter-output>
    <line>
      <![CDATA[testcase2execution starts]]>
    </line>
    <line>
      <![CDATA[testcase2execution successful]]>
    </line>
  </reporter-output>
  <suite started-at="2024-01-16T14:50:18 IST" name="Default suite" finished-at="2024-01-16T14:50:44 IST" duration-ms="26209">
    <groups>
      <group name="smoke">
        <method signature="DM001.testcase2()[pri:0, instance:testScriptRepo.DM001@4b8ee4de]" name="testcase2" class="testScriptRepo.DM001"/>
      </group> <!-- smoke -->
    </groups>
    <test started-at="2024-01-16T14:50:18 IST" name="Default test" finished-at="2024-01-16T14:50:44 IST" duration-ms="26209">
      <class name="testScriptRepo.DM001">
        <test-method is-config="true" signature="dbConnectionEstablish()[pri:0, instance:testScriptRepo.DM001@4b8ee4de]" started-at="2024-01-16T14:50:18 IST" name="dbConnectionEstablish" finished-at="2024-01-16T14:50:18 IST" duration-ms="25" status="PASS">
          <reporter-output>
          </reporter-output>
        </test-method> <!-- dbConnectionEstablish -->
        <test-method is-config="true" signature="launchingBrowser()[pri:0, instance:testScriptRepo.DM001@4b8ee4de]" started-at="2024-01-16T14:50:18 IST" name="launchingBrowser" finished-at="2024-01-16T14:50:24 IST" duration-ms="6193" status="PASS">
          <reporter-output>
          </reporter-output>
        </test-method> <!-- launchingBrowser -->
        <test-method is-config="true" signature="loginApplication()[pri:0, instance:testScriptRepo.DM001@4b8ee4de]" started-at="2024-01-16T14:50:24 IST" name="loginApplication" finished-at="2024-01-16T14:50:25 IST" duration-ms="669" status="PASS">
          <reporter-output>
          </reporter-output>
        </test-method> <!-- loginApplication -->
        <test-method signature="testcase2()[pri:0, instance:testScriptRepo.DM001@4b8ee4de]" started-at="2024-01-16T14:50:25 IST" name="testcase2" finished-at="2024-01-16T14:50:43 IST" duration-ms="18556" status="PASS">
          <reporter-output>
            <line>
              <![CDATA[testcase2execution starts]]>
            </line>
            <line>
              <![CDATA[testcase2execution successful]]>
            </line>
          </reporter-output>
        </test-method> <!-- testcase2 -->
        <test-method is-config="true" signature="closeApplication()[pri:0, instance:testScriptRepo.DM001@4b8ee4de]" started-at="2024-01-16T14:50:43 IST" name="closeApplication" finished-at="2024-01-16T14:50:44 IST" duration-ms="120" status="PASS">
          <reporter-output>
          </reporter-output>
        </test-method> <!-- closeApplication -->
        <test-method is-config="true" signature="closeBrowser()[pri:0, instance:testScriptRepo.DM001@4b8ee4de]" started-at="2024-01-16T14:50:44 IST" name="closeBrowser" finished-at="2024-01-16T14:50:44 IST" duration-ms="592" status="PASS">
          <reporter-output>
          </reporter-output>
        </test-method> <!-- closeBrowser -->
        <test-method is-config="true" signature="closeDbConnection()[pri:0, instance:testScriptRepo.DM001@4b8ee4de]" started-at="2024-01-16T14:50:44 IST" name="closeDbConnection" finished-at="2024-01-16T14:50:44 IST" duration-ms="0" status="PASS">
          <reporter-output>
          </reporter-output>
        </test-method> <!-- closeDbConnection -->
      </class> <!-- testScriptRepo.DM001 -->
    </test> <!-- Default test -->
  </suite> <!-- Default suite -->
</testng-results>
